[2026-06-27T20:43:00.806Z] ERROR: [POST] /api/v1/auth/register >> Cannot set property query of #<IncomingMessage> which has only a getter
TypeError: Cannot set property query of #<IncomingMessage> which has only a getter
    at D:\node.js\cinema\node_modules\express-mongo-sanitize\index.js:113:18
    at Array.forEach (<anonymous>)
    at D:\node.js\cinema\node_modules\express-mongo-sanitize\index.js:110:44
    at Layer.handleRequest (D:\node.js\cinema\node_modules\router\lib\layer.js:152:17)
    at trimPrefix (D:\node.js\cinema\node_modules\router\index.js:342:13)
    at D:\node.js\cinema\node_modules\router\index.js:297:9
    at processParams (D:\node.js\cinema\node_modules\router\index.js:582:12)
    at next (D:\node.js\cinema\node_modules\router\index.js:291:5)
    at read (D:\node.js\cinema\node_modules\body-parser\lib\read.js:42:5)
    at urlencodedParser (D:\node.js\cinema\node_modules\body-parser\lib\types\urlencoded.js:51:5)
[2026-06-27T20:43:54.195Z] ERROR: [POST] /api/v1/auth/register >> next is not a function
TypeError: next is not a function
    at model.<anonymous> (D:\node.js\cinema\src\models\User.js:54:3)
    at async Kareem.execPre (D:\node.js\cinema\node_modules\kareem\index.js:61:24)
    at async model.$__save (D:\node.js\cinema\node_modules\mongoose\lib\model.js:403:5)
    at async maybeTracedSave (D:\node.js\cinema\node_modules\mongoose\lib\model.js:675:7)
    at async Function.create (D:\node.js\cinema\node_modules\mongoose\lib\model.js:2763:5)
    at async Object.registerUser (D:\node.js\cinema\src\services\auth.service.js:7:16)
    at async D:\node.js\cinema\src\controllers\auth.controller.js:7:27
[2026-06-27T21:25:33.495Z] ERROR: [GET] /api/v1/movies/search >> Cast to ObjectId failed for value "search" (type string) at path "_id" for model "Movie"
CastError: Cast to ObjectId failed for value "search" (type string) at path "_id" for model "Movie"
    at SchemaObjectId.cast (D:\node.js\cinema\node_modules\mongoose\lib\schema\objectId.js:252:11)
    at SchemaType.applySetters (D:\node.js\cinema\node_modules\mongoose\lib\schemaType.js:1373:12)
    at SchemaType.castForQuery (D:\node.js\cinema\node_modules\mongoose\lib\schemaType.js:1793:17)
    at cast (D:\node.js\cinema\node_modules\mongoose\lib\cast.js:386:32)
    at Query.cast (D:\node.js\cinema\node_modules\mongoose\lib\query.js:5228:12)
    at Query._castConditions (D:\node.js\cinema\node_modules\mongoose\lib\query.js:2411:10)
    at model.Query._findOne (D:\node.js\cinema\node_modules\mongoose\lib\query.js:2758:8)
    at maybeTracedQueryExec (D:\node.js\cinema\node_modules\mongoose\lib\query.js:4801:83)
    at process.processTicksAndRejections (node:internal/process/task_queues:95:5)
    at async Object.getMovieById (D:\node.js\cinema\src\services\movie.service.js:85:17)
[2026-06-28T08:47:01.053Z] ERROR: [POST] /api/v1/bookings/hold >> This MongoDB deployment does not support retryable writes. Please add retryWrites=false to your connection string.
MongoServerError: This MongoDB deployment does not support retryable writes. Please add retryWrites=false to your connection string.
    at executeOperationWithRetries (D:\node.js\cinema\node_modules\mongodb\lib\operations\execute_operation.js:217:23)
    at process.processTicksAndRejections (node:internal/process/task_queues:95:5)
    at async executeOperation (D:\node.js\cinema\node_modules\mongodb\lib\operations\execute_operation.js:83:16)
    at async Collection.deleteMany (D:\node.js\cinema\node_modules\mongodb\lib\collection.js:280:16)
    at async maybeTracedQueryExec (D:\node.js\cinema\node_modules\mongoose\lib\query.js:4801:65)
    at async Object.holdSeats (D:\node.js\cinema\src\services\booking.service.js:137:5)
    at async D:\node.js\cinema\src\controllers\booking.controller.js:13:18
[2026-06-28T08:47:08.269Z] ERROR: [POST] /api/v1/bookings/hold >> This MongoDB deployment does not support retryable writes. Please add retryWrites=false to your connection string.
MongoServerError: This MongoDB deployment does not support retryable writes. Please add retryWrites=false to your connection string.
    at executeOperationWithRetries (D:\node.js\cinema\node_modules\mongodb\lib\operations\execute_operation.js:217:23)
    at process.processTicksAndRejections (node:internal/process/task_queues:95:5)
    at async executeOperation (D:\node.js\cinema\node_modules\mongodb\lib\operations\execute_operation.js:83:16)
    at async Collection.deleteMany (D:\node.js\cinema\node_modules\mongodb\lib\collection.js:280:16)
    at async maybeTracedQueryExec (D:\node.js\cinema\node_modules\mongoose\lib\query.js:4801:65)
    at async Object.holdSeats (D:\node.js\cinema\src\services\booking.service.js:137:5)
    at async D:\node.js\cinema\src\controllers\booking.controller.js:13:18
[2026-06-28T08:49:34.189Z] ERROR: [POST] /api/v1/bookings/hold >> This MongoDB deployment does not support retryable writes. Please add retryWrites=false to your connection string.
MongoServerError: This MongoDB deployment does not support retryable writes. Please add retryWrites=false to your connection string.
    at executeOperationWithRetries (D:\node.js\cinema\node_modules\mongodb\lib\operations\execute_operation.js:217:23)
    at process.processTicksAndRejections (node:internal/process/task_queues:95:5)
    at async executeOperation (D:\node.js\cinema\node_modules\mongodb\lib\operations\execute_operation.js:83:16)
    at async Collection.deleteMany (D:\node.js\cinema\node_modules\mongodb\lib\collection.js:280:16)
    at async maybeTracedQueryExec (D:\node.js\cinema\node_modules\mongoose\lib\query.js:4801:65)
    at async Object.holdSeats (D:\node.js\cinema\src\services\booking.service.js:137:5)
    at async D:\node.js\cinema\src\controllers\booking.controller.js:13:18
